<?xml version="1.0" encoding="UTF-8"?>
<testng-results skipped="0" failed="1" ignored="7" total="16" passed="8">
  <reporter-output>
  </reporter-output>
  <suite name="All Test Suite" duration-ms="47497" started-at="2021-07-22T13:09:26 IST" finished-at="2021-07-22T13:10:13 IST">
    <groups>
    </groups>
    <test name="/home/sanjp/IdeaProjects/AmazonSelenium" duration-ms="47497" started-at="2021-07-22T13:09:26 IST" finished-at="2021-07-22T13:10:13 IST">
      <class name="com.amazon.tests.LoginTest">
        <test-method status="PASS" signature="login()[pri:0, instance:com.amazon.tests.LoginTest@4b4523f8]" name="login" duration-ms="6661" started-at="2021-07-22T13:09:26 IST" finished-at="2021-07-22T13:09:32 IST">
          <reporter-output>
          </reporter-output>
        </test-method> <!-- login -->
      </class> <!-- com.amazon.tests.LoginTest -->
      <class name="com.amazon.tests.NavigationTest">
        <test-method status="PASS" signature="navigation()[pri:0, instance:com.amazon.tests.NavigationTest@6e0e048a]" name="navigation" duration-ms="5511" started-at="2021-07-22T13:09:56 IST" finished-at="2021-07-22T13:10:01 IST">
          <reporter-output>
          </reporter-output>
        </test-method> <!-- navigation -->
      </class> <!-- com.amazon.tests.NavigationTest -->
      <class name="com.amazon.tests.AddressTest">
        <test-method status="PASS" signature="addAddress()[pri:0, instance:com.amazon.tests.AddressTest@5ae63ade]" name="addAddress" duration-ms="5064" started-at="2021-07-22T13:10:08 IST" finished-at="2021-07-22T13:10:13 IST">
          <reporter-output>
          </reporter-output>
        </test-method> <!-- addAddress -->
        <test-method status="PASS" signature="addressVerify()[pri:0, instance:com.amazon.tests.AddressTest@5ae63ade]" name="addressVerify" duration-ms="223" started-at="2021-07-22T13:10:13 IST" depends-on-methods="com.amazon.tests.AddressTest.addAddress" finished-at="2021-07-22T13:10:13 IST">
          <reporter-output>
          </reporter-output>
        </test-method> <!-- addressVerify -->
      </class> <!-- com.amazon.tests.AddressTest -->
      <class name="com.amazon.tests.PrimeDeliveryTest">
        <test-method status="PASS" signature="getDeliveryDetails()[pri:0, instance:com.amazon.tests.PrimeDeliveryTest@7fac631b]" name="getDeliveryDetails" duration-ms="4863" started-at="2021-07-22T13:09:51 IST" finished-at="2021-07-22T13:09:56 IST">
          <reporter-output>
          </reporter-output>
        </test-method> <!-- getDeliveryDetails -->
      </class> <!-- com.amazon.tests.PrimeDeliveryTest -->
      <class name="com.amazon.tests.TodaysDealsTest">
        <test-method status="FAIL" signature="getDeal()[pri:0, instance:com.amazon.tests.TodaysDealsTest@7b49cea0]" name="getDeal" duration-ms="16148" started-at="2021-07-22T13:09:32 IST" finished-at="2021-07-22T13:09:49 IST">
          <exception class="java.lang.AssertionError">
            <message>
              <![CDATA[expected [2] but found [1]]]>
            </message>
            <full-stacktrace>
              <![CDATA[java.lang.AssertionError: expected [2] but found [1]
at org.testng.Assert.fail(Assert.java:99)
at org.testng.Assert.failNotEquals(Assert.java:1037)
at org.testng.Assert.assertEqualsImpl(Assert.java:140)
at org.testng.Assert.assertEquals(Assert.java:122)
at org.testng.Assert.assertEquals(Assert.java:629)
at org.testng.Assert.assertEquals(Assert.java:639)
at com.amazon.tests.TodaysDealsTest.getDeal(TodaysDealsTest.java:31)
at sun.reflect.NativeMethodAccessorImpl.invoke0(Native Method)
at sun.reflect.NativeMethodAccessorImpl.invoke(NativeMethodAccessorImpl.java:62)
at sun.reflect.DelegatingMethodAccessorImpl.invoke(DelegatingMethodAccessorImpl.java:43)
at java.lang.reflect.Method.invoke(Method.java:498)
at org.testng.internal.MethodInvocationHelper.invokeMethod(MethodInvocationHelper.java:133)
at org.testng.internal.TestInvoker.invokeMethod(TestInvoker.java:598)
at org.testng.internal.TestInvoker.invokeTestMethod(TestInvoker.java:173)
at org.testng.internal.MethodRunner.runInSequence(MethodRunner.java:46)
at org.testng.internal.TestInvoker$MethodInvocationAgent.invoke(TestInvoker.java:824)
at org.testng.internal.TestInvoker.invokeTestMethods(TestInvoker.java:146)
at org.testng.internal.TestMethodWorker.invokeTestMethods(TestMethodWorker.java:146)
at org.testng.internal.TestMethodWorker.run(TestMethodWorker.java:128)
at java.util.ArrayList.forEach(ArrayList.java:1259)
at org.testng.TestRunner.privateRun(TestRunner.java:794)
at org.testng.TestRunner.run(TestRunner.java:596)
at org.testng.SuiteRunner.runTest(SuiteRunner.java:377)
at org.testng.SuiteRunner.runSequentially(SuiteRunner.java:371)
at org.testng.SuiteRunner.privateRun(SuiteRunner.java:332)
at org.testng.SuiteRunner.run(SuiteRunner.java:276)
at org.testng.SuiteRunnerWorker.runSuite(SuiteRunnerWorker.java:53)
at org.testng.SuiteRunnerWorker.run(SuiteRunnerWorker.java:96)
at org.testng.TestNG.runSuitesSequentially(TestNG.java:1212)
at org.testng.TestNG.runSuitesLocally(TestNG.java:1134)
at org.testng.TestNG.runSuites(TestNG.java:1063)
at org.testng.TestNG.run(TestNG.java:1031)
at org.apache.maven.surefire.testng.TestNGExecutor.run(TestNGExecutor.java:284)
at org.apache.maven.surefire.testng.TestNGXmlTestSuite.execute(TestNGXmlTestSuite.java:75)
at org.apache.maven.surefire.testng.TestNGProvider.invoke(TestNGProvider.java:119)
at org.apache.maven.surefire.booter.ForkedBooter.runSuitesInProcess(ForkedBooter.java:428)
at org.apache.maven.surefire.booter.ForkedBooter.execute(ForkedBooter.java:162)
at org.apache.maven.surefire.booter.ForkedBooter.run(ForkedBooter.java:562)
at org.apache.maven.surefire.booter.ForkedBooter.main(ForkedBooter.java:548)
]]>
            </full-stacktrace>
          </exception> <!-- java.lang.AssertionError -->
          <reporter-output>
          </reporter-output>
        </test-method> <!-- getDeal -->
      </class> <!-- com.amazon.tests.TodaysDealsTest -->
      <class name="com.amazon.tests.OrdersTest">
        <test-method status="PASS" signature="orders()[pri:0, instance:com.amazon.tests.OrdersTest@5bc79255]" name="orders" duration-ms="2747" started-at="2021-07-22T13:10:01 IST" finished-at="2021-07-22T13:10:04 IST">
          <reporter-output>
          </reporter-output>
        </test-method> <!-- orders -->
      </class> <!-- com.amazon.tests.OrdersTest -->
      <class name="com.amazon.tests.PaymentTest">
        <test-method status="PASS" signature="paymentDetails()[pri:0, instance:com.amazon.tests.PaymentTest@47ef968d]" name="paymentDetails" duration-ms="3923" started-at="2021-07-22T13:10:04 IST" finished-at="2021-07-22T13:10:08 IST">
          <reporter-output>
          </reporter-output>
        </test-method> <!-- paymentDetails -->
      </class> <!-- com.amazon.tests.PaymentTest -->
      <class name="com.amazon.tests.MobilesTest">
        <test-method status="PASS" signature="getLastMobile()[pri:0, instance:com.amazon.tests.MobilesTest@887af79]" name="getLastMobile" duration-ms="2289" started-at="2021-07-22T13:09:49 IST" finished-at="2021-07-22T13:09:51 IST">
          <reporter-output>
          </reporter-output>
        </test-method> <!-- getLastMobile -->
      </class> <!-- com.amazon.tests.MobilesTest -->
    </test> <!-- /home/sanjp/IdeaProjects/AmazonSelenium -->
  </suite> <!-- All Test Suite -->
</testng-results>
