<?xml version="1.0" encoding="UTF-8"?>
<testsuite xmlns:xsi="http://www.w3.org/2001/XMLSchema-instance" xsi:noNamespaceSchemaLocation="https://maven.apache.org/surefire/maven-surefire-plugin/xsd/surefire-test-report-3.0.xsd" version="3.0" name="TestSuite" time="2.256" tests="9" errors="0" skipped="1" failures="8">
  <properties>
    <property name="awt.toolkit" value="sun.awt.X11.XToolkit"/>
    <property name="file.encoding.pkg" value="sun.io"/>
    <property name="java.specification.version" value="1.8"/>
    <property name="webdriver.chrome.driver" value="/home/sanjp/Downloads/chromedriver_linux64/chromedriver"/>
    <property name="sun.cpu.isalist" value=""/>
    <property name="sun.jnu.encoding" value="UTF-8"/>
    <property name="java.class.path" value="/home/sanjp/IdeaProjects/AmazonSeleniumProject/target/test-classes:/home/sanjp/IdeaProjects/AmazonSeleniumProject/target/classes:/var/lib/jenkins/.m2/repository/org/seleniumhq/selenium/selenium-java/3.141.59/selenium-java-3.141.59.jar:/var/lib/jenkins/.m2/repository/org/seleniumhq/selenium/selenium-api/3.141.59/selenium-api-3.141.59.jar:/var/lib/jenkins/.m2/repository/org/seleniumhq/selenium/selenium-chrome-driver/3.141.59/selenium-chrome-driver-3.141.59.jar:/var/lib/jenkins/.m2/repository/org/seleniumhq/selenium/selenium-edge-driver/3.141.59/selenium-edge-driver-3.141.59.jar:/var/lib/jenkins/.m2/repository/org/seleniumhq/selenium/selenium-firefox-driver/3.141.59/selenium-firefox-driver-3.141.59.jar:/var/lib/jenkins/.m2/repository/org/seleniumhq/selenium/selenium-ie-driver/3.141.59/selenium-ie-driver-3.141.59.jar:/var/lib/jenkins/.m2/repository/org/seleniumhq/selenium/selenium-opera-driver/3.141.59/selenium-opera-driver-3.141.59.jar:/var/lib/jenkins/.m2/repository/org/seleniumhq/selenium/selenium-remote-driver/3.141.59/selenium-remote-driver-3.141.59.jar:/var/lib/jenkins/.m2/repository/org/seleniumhq/selenium/selenium-safari-driver/3.141.59/selenium-safari-driver-3.141.59.jar:/var/lib/jenkins/.m2/repository/org/seleniumhq/selenium/selenium-support/3.141.59/selenium-support-3.141.59.jar:/var/lib/jenkins/.m2/repository/net/bytebuddy/byte-buddy/1.8.15/byte-buddy-1.8.15.jar:/var/lib/jenkins/.m2/repository/org/apache/commons/commons-exec/1.3/commons-exec-1.3.jar:/var/lib/jenkins/.m2/repository/com/google/guava/guava/25.0-jre/guava-25.0-jre.jar:/var/lib/jenkins/.m2/repository/com/google/code/findbugs/jsr305/1.3.9/jsr305-1.3.9.jar:/var/lib/jenkins/.m2/repository/org/checkerframework/checker-compat-qual/2.0.0/checker-compat-qual-2.0.0.jar:/var/lib/jenkins/.m2/repository/com/google/errorprone/error_prone_annotations/2.1.3/error_prone_annotations-2.1.3.jar:/var/lib/jenkins/.m2/repository/com/google/j2objc/j2objc-annotations/1.1/j2objc-annotations-1.1.jar:/var/lib/jenkins/.m2/repository/org/codehaus/mojo/animal-sniffer-annotations/1.14/animal-sniffer-annotations-1.14.jar:/var/lib/jenkins/.m2/repository/com/squareup/okhttp3/okhttp/3.11.0/okhttp-3.11.0.jar:/var/lib/jenkins/.m2/repository/com/squareup/okio/okio/1.14.0/okio-1.14.0.jar:/var/lib/jenkins/.m2/repository/org/testng/testng/7.4.0/testng-7.4.0.jar:/var/lib/jenkins/.m2/repository/com/beust/jcommander/1.78/jcommander-1.78.jar:/var/lib/jenkins/.m2/repository/org/webjars/jquery/3.5.1/jquery-3.5.1.jar:"/>
    <property name="java.vm.vendor" value="Private Build"/>
    <property name="sun.arch.data.model" value="64"/>
    <property name="java.vendor.url" value="http://java.oracle.com/"/>
    <property name="user.timezone" value="Asia/Kolkata"/>
    <property name="java.vm.specification.version" value="1.8"/>
    <property name="os.name" value="Linux"/>
    <property name="user.country" value="IN"/>
    <property name="sun.java.launcher" value="SUN_STANDARD"/>
    <property name="sun.boot.library.path" value="/usr/lib/jvm/java-8-openjdk-amd64/jre/lib/amd64"/>
    <property name="sun.java.command" value="/home/sanjp/IdeaProjects/AmazonSeleniumProject/target/surefire/surefirebooter1463471695539626610.jar /home/sanjp/IdeaProjects/AmazonSeleniumProject/target/surefire 2021-08-12T10-28-10_951-jvmRun1 surefire6529381499287483559tmp surefire_07027896404224229277tmp"/>
    <property name="surefire.test.class.path" value="/home/sanjp/IdeaProjects/AmazonSeleniumProject/target/test-classes:/home/sanjp/IdeaProjects/AmazonSeleniumProject/target/classes:/var/lib/jenkins/.m2/repository/org/seleniumhq/selenium/selenium-java/3.141.59/selenium-java-3.141.59.jar:/var/lib/jenkins/.m2/repository/org/seleniumhq/selenium/selenium-api/3.141.59/selenium-api-3.141.59.jar:/var/lib/jenkins/.m2/repository/org/seleniumhq/selenium/selenium-chrome-driver/3.141.59/selenium-chrome-driver-3.141.59.jar:/var/lib/jenkins/.m2/repository/org/seleniumhq/selenium/selenium-edge-driver/3.141.59/selenium-edge-driver-3.141.59.jar:/var/lib/jenkins/.m2/repository/org/seleniumhq/selenium/selenium-firefox-driver/3.141.59/selenium-firefox-driver-3.141.59.jar:/var/lib/jenkins/.m2/repository/org/seleniumhq/selenium/selenium-ie-driver/3.141.59/selenium-ie-driver-3.141.59.jar:/var/lib/jenkins/.m2/repository/org/seleniumhq/selenium/selenium-opera-driver/3.141.59/selenium-opera-driver-3.141.59.jar:/var/lib/jenkins/.m2/repository/org/seleniumhq/selenium/selenium-remote-driver/3.141.59/selenium-remote-driver-3.141.59.jar:/var/lib/jenkins/.m2/repository/org/seleniumhq/selenium/selenium-safari-driver/3.141.59/selenium-safari-driver-3.141.59.jar:/var/lib/jenkins/.m2/repository/org/seleniumhq/selenium/selenium-support/3.141.59/selenium-support-3.141.59.jar:/var/lib/jenkins/.m2/repository/net/bytebuddy/byte-buddy/1.8.15/byte-buddy-1.8.15.jar:/var/lib/jenkins/.m2/repository/org/apache/commons/commons-exec/1.3/commons-exec-1.3.jar:/var/lib/jenkins/.m2/repository/com/google/guava/guava/25.0-jre/guava-25.0-jre.jar:/var/lib/jenkins/.m2/repository/com/google/code/findbugs/jsr305/1.3.9/jsr305-1.3.9.jar:/var/lib/jenkins/.m2/repository/org/checkerframework/checker-compat-qual/2.0.0/checker-compat-qual-2.0.0.jar:/var/lib/jenkins/.m2/repository/com/google/errorprone/error_prone_annotations/2.1.3/error_prone_annotations-2.1.3.jar:/var/lib/jenkins/.m2/repository/com/google/j2objc/j2objc-annotations/1.1/j2objc-annotations-1.1.jar:/var/lib/jenkins/.m2/repository/org/codehaus/mojo/animal-sniffer-annotations/1.14/animal-sniffer-annotations-1.14.jar:/var/lib/jenkins/.m2/repository/com/squareup/okhttp3/okhttp/3.11.0/okhttp-3.11.0.jar:/var/lib/jenkins/.m2/repository/com/squareup/okio/okio/1.14.0/okio-1.14.0.jar:/var/lib/jenkins/.m2/repository/org/testng/testng/7.4.0/testng-7.4.0.jar:/var/lib/jenkins/.m2/repository/com/beust/jcommander/1.78/jcommander-1.78.jar:/var/lib/jenkins/.m2/repository/org/webjars/jquery/3.5.1/jquery-3.5.1.jar:"/>
    <property name="sun.cpu.endian" value="little"/>
    <property name="user.home" value="/var/lib/jenkins"/>
    <property name="user.language" value="en"/>
    <property name="java.specification.vendor" value="Oracle Corporation"/>
    <property name="java.home" value="/usr/lib/jvm/java-8-openjdk-amd64/jre"/>
    <property name="basedir" value="/home/sanjp/IdeaProjects/AmazonSeleniumProject"/>
    <property name="file.separator" value="/"/>
    <property name="line.separator" value="&#10;"/>
    <property name="java.vm.specification.vendor" value="Oracle Corporation"/>
    <property name="java.specification.name" value="Java Platform API Specification"/>
    <property name="java.awt.graphicsenv" value="sun.awt.X11GraphicsEnvironment"/>
    <property name="surefire.real.class.path" value="/home/sanjp/IdeaProjects/AmazonSeleniumProject/target/surefire/surefirebooter1463471695539626610.jar"/>
    <property name="sun.boot.class.path" value="/usr/lib/jvm/java-8-openjdk-amd64/jre/lib/resources.jar:/usr/lib/jvm/java-8-openjdk-amd64/jre/lib/rt.jar:/usr/lib/jvm/java-8-openjdk-amd64/jre/lib/sunrsasign.jar:/usr/lib/jvm/java-8-openjdk-amd64/jre/lib/jsse.jar:/usr/lib/jvm/java-8-openjdk-amd64/jre/lib/jce.jar:/usr/lib/jvm/java-8-openjdk-amd64/jre/lib/charsets.jar:/usr/lib/jvm/java-8-openjdk-amd64/jre/lib/jfr.jar:/usr/lib/jvm/java-8-openjdk-amd64/jre/classes"/>
    <property name="sun.management.compiler" value="HotSpot 64-Bit Tiered Compilers"/>
    <property name="java.runtime.version" value="1.8.0_292-8u292-b10-0ubuntu1~20.04-b10"/>
    <property name="user.name" value="jenkins"/>
    <property name="path.separator" value=":"/>
    <property name="os.version" value="5.11.0-25-generic"/>
    <property name="java.endorsed.dirs" value="/usr/lib/jvm/java-8-openjdk-amd64/jre/lib/endorsed"/>
    <property name="java.runtime.name" value="OpenJDK Runtime Environment"/>
    <property name="file.encoding" value="UTF-8"/>
    <property name="java.vm.name" value="OpenJDK 64-Bit Server VM"/>
    <property name="localRepository" value="/var/lib/jenkins/.m2/repository"/>
    <property name="java.vendor.url.bug" value="http://bugreport.sun.com/bugreport/"/>
    <property name="java.io.tmpdir" value="/tmp"/>
    <property name="java.version" value="1.8.0_292"/>
    <property name="user.dir" value="/home/sanjp/IdeaProjects/AmazonSeleniumProject"/>
    <property name="os.arch" value="amd64"/>
    <property name="java.vm.specification.name" value="Java Virtual Machine Specification"/>
    <property name="java.awt.printerjob" value="sun.print.PSPrinterJob"/>
    <property name="sun.os.patch.level" value="unknown"/>
    <property name="java.library.path" value="/usr/java/packages/lib/amd64:/usr/lib/x86_64-linux-gnu/jni:/lib/x86_64-linux-gnu:/usr/lib/x86_64-linux-gnu:/usr/lib/jni:/lib:/usr/lib"/>
    <property name="java.vm.info" value="mixed mode"/>
    <property name="java.vendor" value="Private Build"/>
    <property name="java.vm.version" value="25.292-b10"/>
    <property name="java.ext.dirs" value="/usr/lib/jvm/java-8-openjdk-amd64/jre/lib/ext:/usr/java/packages/lib/ext"/>
    <property name="sun.io.unicode.encoding" value="UnicodeLittle"/>
    <property name="java.class.version" value="52.0"/>
  </properties>
  <testcase name="login" classname="com.amazon.tests.LoginTest" time="1.271">
    <failure message="unknown error: Chrome failed to start: exited abnormally.&#10;  (unknown error: DevToolsActivePort file doesn&apos;t exist)&#10;  (The process started from chrome location /usr/bin/google-chrome is no longer running, so ChromeDriver is assuming that Chrome has crashed.)&#10;Build info: version: &apos;3.141.59&apos;, revision: &apos;e82be7d358&apos;, time: &apos;2018-11-14T08:17:03&apos;&#10;System info: host: &apos;5CG0262CXH&apos;, ip: &apos;127.0.1.1&apos;, os.name: &apos;Linux&apos;, os.arch: &apos;amd64&apos;, os.version: &apos;5.11.0-25-generic&apos;, java.version: &apos;1.8.0_292&apos;&#10;Driver info: driver.version: ChromeDriver&#10;remote stacktrace: #0 0x562989f37e89 &lt;unknown&gt;&#10;" type="org.openqa.selenium.WebDriverException"><![CDATA[org.openqa.selenium.WebDriverException: 
unknown error: Chrome failed to start: exited abnormally.
  (unknown error: DevToolsActivePort file doesn't exist)
  (The process started from chrome location /usr/bin/google-chrome is no longer running, so ChromeDriver is assuming that Chrome has crashed.)
Build info: version: '3.141.59', revision: 'e82be7d358', time: '2018-11-14T08:17:03'
System info: host: '5CG0262CXH', ip: '127.0.1.1', os.name: 'Linux', os.arch: 'amd64', os.version: '5.11.0-25-generic', java.version: '1.8.0_292'
Driver info: driver.version: ChromeDriver
remote stacktrace: #0 0x562989f37e89 <unknown>

	at com.amazon.tests.LoginTest.login(LoginTest.java:15)
]]></failure>
    <system-err><![CDATA[Starting ChromeDriver 90.0.4430.24 (4c6d850f087da467d926e8eddb76550aed655991-refs/branch-heads/4430@{#429}) on port 20527
Only local connections are allowed.
Please see https://chromedriver.chromium.org/security-considerations for suggestions on keeping ChromeDriver safe.
ChromeDriver was started successfully.
]]></system-err>
  </testcase>
  <testcase name="getDeal" classname="com.amazon.tests.TodaysDealsTest" time="0.045">
    <failure type="java.lang.NullPointerException"><![CDATA[java.lang.NullPointerException
	at com.amazon.tests.TodaysDealsTest.getDeal(TodaysDealsTest.java:21)
]]></failure>
    <system-out><![CDATA[null
]]></system-out>
  </testcase>
  <testcase name="getLastMobile" classname="com.amazon.tests.MobilesTest" time="0.011">
    <failure type="java.lang.NullPointerException"><![CDATA[java.lang.NullPointerException
	at com.amazon.tests.MobilesTest.getLastMobile(MobilesTest.java:20)
]]></failure>
    <system-out><![CDATA[null
]]></system-out>
  </testcase>
  <testcase name="getDeliveryDetails" classname="com.amazon.tests.PrimeDeliveryTest" time="0.003">
    <failure type="java.lang.NullPointerException"><![CDATA[java.lang.NullPointerException
	at com.amazon.tests.PrimeDeliveryTest.getDeliveryDetails(PrimeDeliveryTest.java:20)
]]></failure>
    <system-out><![CDATA[null
]]></system-out>
  </testcase>
  <testcase name="navigation" classname="com.amazon.tests.NavigationTest" time="0.002">
    <failure type="java.lang.NullPointerException"><![CDATA[java.lang.NullPointerException
	at com.amazon.tests.NavigationTest.navigation(NavigationTest.java:18)
]]></failure>
    <system-out><![CDATA[null
]]></system-out>
  </testcase>
  <testcase name="orders" classname="com.amazon.tests.OrdersTest" time="0">
    <failure type="java.lang.NullPointerException"><![CDATA[java.lang.NullPointerException
	at com.amazon.tests.OrdersTest.orders(OrdersTest.java:18)
]]></failure>
    <system-out><![CDATA[null
]]></system-out>
  </testcase>
  <testcase name="paymentDetails" classname="com.amazon.tests.PaymentTest" time="0.002">
    <failure type="java.lang.NullPointerException"><![CDATA[java.lang.NullPointerException
	at com.amazon.tests.PaymentTest.paymentDetails(PaymentTest.java:19)
]]></failure>
    <system-out><![CDATA[null
]]></system-out>
  </testcase>
  <testcase name="addAddress" classname="com.amazon.tests.AddressTest" time="0.002">
    <failure type="java.lang.NullPointerException"><![CDATA[java.lang.NullPointerException
	at com.amazon.tests.AddressTest.addAddress(AddressTest.java:28)
]]></failure>
    <system-out><![CDATA[null
]]></system-out>
  </testcase>
  <testcase name="addressVerify" classname="com.amazon.tests.AddressTest" time="0">
    <skipped message="Method AddressTest.addressVerify()[pri:0, instance:com.amazon.tests.AddressTest@5ae63ade] depends on not successfully finished methods"/>
  </testcase>
</testsuite>